sourcelyzer/exceptions.py:7: [C0305(trailing-newlines), ] Trailing newlines
sourcelyzer/exceptions.py:1: [C0111(missing-docstring), ] Missing module docstring
sourcelyzer/exceptions.py:1: [C0111(missing-docstring), UserDoesNotExist] Missing class docstring
sourcelyzer/exceptions.py:4: [C0111(missing-docstring), InvalidPassword] Missing class docstring
sourcelyzer/app.py:3: [C0301(line-too-long), ] Line too long (102/100)
sourcelyzer/app.py:122: [C0305(trailing-newlines), ] Trailing newlines
sourcelyzer/app.py:1: [C0111(missing-docstring), ] Missing module docstring
sourcelyzer/app.py:21: [C0111(missing-docstring), ServerThread] Missing class docstring
sourcelyzer/app.py:31: [C0103(invalid-name), ServerThread.isRunning] Invalid method name "isRunning"
sourcelyzer/app.py:31: [C0111(missing-docstring), ServerThread.isRunning] Missing method docstring
sourcelyzer/app.py:68: [W0105(pointless-string-statement), ServerThread.run] String statement has no effect
sourcelyzer/app.py:73: [W0105(pointless-string-statement), ServerThread.run] String statement has no effect
sourcelyzer/app.py:82: [W0105(pointless-string-statement), ServerThread.run] String statement has no effect
sourcelyzer/app.py:91: [C0111(missing-docstring), ServerThread.stop] Missing method docstring
sourcelyzer/app.py:91: [R0201(no-self-use), ServerThread.stop] Method could be a function
sourcelyzer/app.py:97: [C0111(missing-docstring), App] Missing class docstring
sourcelyzer/app.py:103: [C0103(invalid-name), App.isRunning] Invalid method name "isRunning"
sourcelyzer/app.py:103: [C0111(missing-docstring), App.isRunning] Missing method docstring
sourcelyzer/app.py:106: [C0111(missing-docstring), App.init_logger] Missing method docstring
sourcelyzer/app.py:109: [C0111(missing-docstring), App.run] Missing method docstring
sourcelyzer/app.py:12: [W0611(unused-import), ] Unused import logging
sourcelyzer/app.py:10: [C0411(wrong-import-order), ] standard import "import threading" should be placed before "from sourcelyzer.logger import get_logger"
sourcelyzer/app.py:12: [C0411(wrong-import-order), ] standard import "import logging" should be placed before "from sourcelyzer.logger import get_logger"
sourcelyzer/app.py:13: [C0411(wrong-import-order), ] standard import "import time" should be placed before "from sourcelyzer.logger import get_logger"
sourcelyzer/app.py:15: [C0411(wrong-import-order), ] standard import "import os" should be placed before "from sourcelyzer.logger import get_logger"
sourcelyzer/app.py:17: [C0412(ungrouped-imports), ] Imports from package sourcelyzer are not grouped
sourcelyzer/logger.py:42: [C0303(trailing-whitespace), ] Trailing whitespace
sourcelyzer/logger.py:1: [C0111(missing-docstring), ] Missing module docstring
sourcelyzer/logger.py:12: [C0111(missing-docstring), Formatter] Missing class docstring
sourcelyzer/logger.py:18: [C0111(missing-docstring), ColoredFormatter] Missing class docstring
sourcelyzer/logger.py:29: [C0111(missing-docstring), get_logger] Missing function docstring
sourcelyzer/logger.py:33: [C0121(singleton-comparison), get_logger] Comparison to True should be just 'expr' or 'expr is True'
sourcelyzer/logger.py:33: [W0612(unused-variable), get_logger] Unused variable 'formatter'
sourcelyzer/properties.py:53: [C0303(trailing-whitespace), ] Trailing whitespace
sourcelyzer/properties.py:61: [C0305(trailing-newlines), ] Trailing newlines
sourcelyzer/properties.py:1: [C0111(missing-docstring), ] Missing module docstring
sourcelyzer/properties.py:7: [C0111(missing-docstring), load_from_str] Missing function docstring
sourcelyzer/properties.py:11: [C1801(len-as-condition), load_from_str] Do not use `len(SEQUENCE)` as condition value
sourcelyzer/properties.py:22: [C0103(invalid-name), load_from_str] Invalid variable name "p"
sourcelyzer/properties.py:25: [C0103(invalid-name), load_from_file] Invalid argument name "fn"
sourcelyzer/properties.py:25: [C0111(missing-docstring), load_from_file] Missing function docstring
sourcelyzer/properties.py:27: [C0103(invalid-name), load_from_file] Invalid variable name "f"
sourcelyzer/properties.py:29: [C0103(invalid-name), load_from_file] Invalid variable name "e"
sourcelyzer/properties.py:34: [C0111(missing-docstring), Properties] Missing class docstring
sourcelyzer/properties.py:50: [C0121(singleton-comparison), Properties.__hash__] Comparison to None should be 'expr is None'
sourcelyzer/properties.py:34: [R0903(too-few-public-methods), Properties] Too few public methods (0/2)
sourcelyzer/crypto.py:40: [C0326(bad-whitespace), ] Exactly one space required before assignment
    b64salt  = b64encode(salt).decode('utf-8')
             ^
sourcelyzer/crypto.py:69: [C0305(trailing-newlines), ] Trailing newlines
sourcelyzer/crypto.py:1: [C0111(missing-docstring), ] Missing module docstring
sourcelyzer/crypto.py:3: [C0410(multiple-imports), ] Multiple imports on one line (os, hashlib)
sourcelyzer/crypto.py:6: [C0111(missing-docstring), InvalidAuthToken] Missing class docstring
sourcelyzer/crypto.py:9: [C0111(missing-docstring), InvalidHash] Missing class docstring
sourcelyzer/crypto.py:12: [C0103(invalid-name), gen_passwd_hash] Invalid argument name "pw"
sourcelyzer/crypto.py:12: [C0111(missing-docstring), gen_passwd_hash] Missing function docstring
sourcelyzer/crypto.py:13: [C0103(invalid-name), gen_passwd_hash] Invalid variable name "ph"
sourcelyzer/crypto.py:16: [C0103(invalid-name), verify_hash] Invalid argument name "hs"
sourcelyzer/crypto.py:16: [C0103(invalid-name), verify_hash] Invalid argument name "pw"
sourcelyzer/crypto.py:16: [C0111(missing-docstring), verify_hash] Missing function docstring
sourcelyzer/crypto.py:17: [C0103(invalid-name), verify_hash] Invalid variable name "ph"
sourcelyzer/crypto.py:20: [C0103(invalid-name), verify_hash] Invalid variable name "e"
sourcelyzer/crypto.py:23: [C0111(missing-docstring), gen_auth_token] Missing function docstring
sourcelyzer/crypto.py:45: [C0111(missing-docstring), verify_auth_token] Missing function docstring
sourcelyzer/crypto.py:45: [R0913(too-many-arguments), verify_auth_token] Too many arguments (6/5)
sourcelyzer/crypto.py:3: [C0411(wrong-import-order), ] standard import "import os, hashlib" should be placed before "from argon2 import PasswordHasher"
sourcelyzer/crypto.py:3: [C0411(wrong-import-order), ] standard import "import os, hashlib" should be placed before "from argon2 import PasswordHasher"
sourcelyzer/crypto.py:4: [C0411(wrong-import-order), ] standard import "from base64 import b64encode, b64decode" should be placed before "from argon2 import PasswordHasher"
sourcelyzer/config.py:11: [C0326(bad-whitespace), ] Exactly one space required after comma
    return (key,value.strip())
               ^
sourcelyzer/config.py:50: [C0326(bad-whitespace), ] Exactly one space required after comma
            key,value = parse_line(ln)
               ^
sourcelyzer/config.py:55: [C0305(trailing-newlines), ] Trailing newlines
sourcelyzer/config.py:1: [C0111(missing-docstring), ] Missing module docstring
sourcelyzer/config.py:7: [C0103(invalid-name), parse_line] Invalid argument name "ln"
sourcelyzer/config.py:7: [C0111(missing-docstring), parse_line] Missing function docstring
sourcelyzer/config.py:13: [C0111(missing-docstring), ProjectConfig] Missing class docstring
sourcelyzer/config.py:27: [E1101(no-member), ProjectConfig.__init__] Instance of 'dict' has no 'iteritems' member
sourcelyzer/config.py:30: [C0103(invalid-name), ProjectConfig.getProjectName] Invalid method name "getProjectName"
sourcelyzer/config.py:30: [C0111(missing-docstring), ProjectConfig.getProjectName] Missing method docstring
sourcelyzer/config.py:33: [C0103(invalid-name), ProjectConfig.getProjectVersion] Invalid method name "getProjectVersion"
sourcelyzer/config.py:33: [C0111(missing-docstring), ProjectConfig.getProjectVersion] Missing method docstring
sourcelyzer/config.py:36: [C0103(invalid-name), ProjectConfig.getProjectKey] Invalid method name "getProjectKey"
sourcelyzer/config.py:36: [C0111(missing-docstring), ProjectConfig.getProjectKey] Missing method docstring
sourcelyzer/config.py:39: [C0103(invalid-name), ProjectConfig.getSourceDir] Invalid method name "getSourceDir"
sourcelyzer/config.py:39: [C0111(missing-docstring), ProjectConfig.getSourceDir] Missing method docstring
sourcelyzer/config.py:42: [C0103(invalid-name), ProjectConfig.getSourceEncoding] Invalid method name "getSourceEncoding"
sourcelyzer/config.py:42: [C0111(missing-docstring), ProjectConfig.getSourceEncoding] Missing method docstring
sourcelyzer/config.py:46: [C0103(invalid-name), ParseConfigFile] Invalid function name "ParseConfigFile"
sourcelyzer/config.py:46: [C0103(invalid-name), ParseConfigFile] Invalid argument name "fn"
sourcelyzer/config.py:46: [C0111(missing-docstring), ParseConfigFile] Missing function docstring
sourcelyzer/config.py:47: [C0103(invalid-name), ParseConfigFile] Invalid variable name "f"
sourcelyzer/config.py:49: [C0103(invalid-name), ParseConfigFile] Invalid variable name "ln"
sourcelyzer/config.py:53: [C0103(invalid-name), ParseConfigFile] Invalid variable name "pc"
sourcelyzer/runner.py:7: [C0305(trailing-newlines), ] Trailing newlines
sourcelyzer/runner.py:1: [C0111(missing-docstring), ] Missing module docstring
sourcelyzer/runner.py:1: [C0111(missing-docstring), Runner] Missing class docstring
sourcelyzer/runner.py:5: [W0104(pointless-statement), Runner.__init__] Statement seems to have no effect
sourcelyzer/runner.py:5: [E1101(no-member), Runner.__init__] Instance of 'Runner' has no 'parser' member
sourcelyzer/runner.py:3: [W0613(unused-argument), Runner.__init__] Unused argument 'parser'
sourcelyzer/runner.py:3: [W0613(unused-argument), Runner.__init__] Unused argument 'outputFile'
sourcelyzer/runner.py:1: [R0903(too-few-public-methods), Runner] Too few public methods (0/2)
sourcelyzer/rest/utils/__init__.py:1: [C0305(trailing-newlines), ] Trailing newlines
sourcelyzer/rest/utils/json.py:23: [C0301(line-too-long), ] Line too long (105/100)
sourcelyzer/rest/utils/json.py:24: [C0305(trailing-newlines), ] Trailing newlines
sourcelyzer/rest/utils/json.py:1: [C0111(missing-docstring), ] Missing module docstring
sourcelyzer/rest/utils/json.py:4: [C0111(missing-docstring), json_processor] Missing function docstring
sourcelyzer/rest/utils/json.py:6: [E1101(no-member), json_processor] Module 'cherrypy' has no 'service' member
sourcelyzer/rest/utils/json.py:16: [C0111(missing-docstring), json_error_output] Missing function docstring
sourcelyzer/rest/utils/auth.py:48: [C0305(trailing-newlines), ] Trailing newlines
sourcelyzer/rest/utils/auth.py:1: [C0111(missing-docstring), ] Missing module docstring
sourcelyzer/rest/utils/auth.py:5: [C0111(missing-docstring), InvalidAuthToken] Missing class docstring
sourcelyzer/rest/utils/auth.py:8: [C0111(missing-docstring), gen_auth_token] Missing function docstring
sourcelyzer/rest/utils/auth.py:30: [C0111(missing-docstring), verify_auth_token] Missing function docstring
sourcelyzer/rest/utils/auth.py:30: [R0913(too-many-arguments), verify_auth_token] Too many arguments (6/5)
sourcelyzer/rest/tools/__init__.py:1: [C0111(missing-docstring), ] Missing module docstring
sourcelyzer/rest/tools/sqlalchemy.py:32: [C0305(trailing-newlines), ] Trailing newlines
sourcelyzer/rest/tools/sqlalchemy.py:1: [C0111(missing-docstring), ] Missing module docstring
sourcelyzer/rest/tools/sqlalchemy.py:6: [C0111(missing-docstring), SATool] Missing class docstring
sourcelyzer/rest/tools/sqlalchemy.py:17: [C0111(missing-docstring), SATool.bind_session] Missing method docstring
sourcelyzer/rest/tools/sqlalchemy.py:21: [C0111(missing-docstring), SATool.commit_transaction] Missing method docstring
sourcelyzer/rest/tools/sqlalchemy.py:21: [R0201(no-self-use), SATool.commit_transaction] Method could be a function
sourcelyzer/rest/tools/sqlalchemy.py:2: [W0611(unused-import), ] Unused wspbus imported from cherrypy.process
sourcelyzer/rest/tools/sqlalchemy.py:2: [W0611(unused-import), ] Unused plugins imported from cherrypy.process
sourcelyzer/rest/tools/tools.py:38: [C0305(trailing-newlines), ] Trailing newlines
sourcelyzer/rest/tools/tools.py:1: [C0111(missing-docstring), ] Missing module docstring
sourcelyzer/rest/tools/tools.py:4: [C0103(invalid-name), check_required_param] Invalid argument name "paramName"
sourcelyzer/rest/tools/tools.py:4: [C0111(missing-docstring), check_required_param] Missing function docstring
sourcelyzer/rest/tools/tools.py:9: [C0103(invalid-name), RequiredParam] Invalid function name "RequiredParam"
sourcelyzer/rest/tools/tools.py:9: [C0103(invalid-name), RequiredParam] Invalid argument name "paramName"
sourcelyzer/rest/tools/tools.py:9: [C0111(missing-docstring), RequiredParam] Missing function docstring
sourcelyzer/rest/tools/tools.py:10: [C0103(invalid-name), RequiredParam.decorator] Invalid argument name "f"
sourcelyzer/rest/tools/tools.py:10: [C0111(missing-docstring), RequiredParam.decorator] Missing function docstring
sourcelyzer/rest/tools/tools.py:11: [C0111(missing-docstring), RequiredParam.decorator.wrapper] Missing function docstring
sourcelyzer/rest/tools/tools.py:18: [C0103(invalid-name), RequireAuthentication] Invalid function name "RequireAuthentication"
sourcelyzer/rest/tools/tools.py:18: [C0103(invalid-name), RequireAuthentication] Invalid argument name "f"
sourcelyzer/rest/tools/tools.py:18: [C0111(missing-docstring), RequireAuthentication] Missing function docstring
sourcelyzer/rest/tools/tools.py:19: [C0111(missing-docstring), RequireAuthentication.wrapper] Missing function docstring
sourcelyzer/rest/tools/tools.py:2: [W0611(unused-import), ] Unused verify_auth_token imported from sourcelyzer.rest.utils.auth
sourcelyzer/rest/v1/__init__.py:1: [C0111(missing-docstring), ] Missing module docstring
sourcelyzer/rest/v1/plugins.py:67: [C0301(line-too-long), ] Line too long (107/100)
sourcelyzer/rest/v1/plugins.py:77: [C0305(trailing-newlines), ] Trailing newlines
sourcelyzer/rest/v1/plugins.py:1: [C0111(missing-docstring), ] Missing module docstring
sourcelyzer/rest/v1/plugins.py:10: [C0111(missing-docstring), Plugins] Missing class docstring
sourcelyzer/rest/v1/plugins.py:14: [C0111(missing-docstring), Plugins.default] Missing method docstring
sourcelyzer/rest/v1/plugins.py:18: [C1801(len-as-condition), Plugins.default] Do not use `len(SEQUENCE)` as condition value
sourcelyzer/rest/v1/plugins.py:31: [E0602(undefined-variable), Plugins.default] Undefined variable 'cherrpy'
sourcelyzer/rest/v1/plugins.py:48: [R1705(no-else-return), Plugins.default] Unnecessary "else" after "return"
sourcelyzer/rest/v1/plugins.py:55: [C0103(invalid-name), Plugins.default] Invalid variable name "zf"
sourcelyzer/rest/v1/plugins.py:57: [C0103(invalid-name), Plugins.default] Invalid variable name "fn"
sourcelyzer/rest/v1/plugins.py:14: [R0201(no-self-use), Plugins.default] Method could be a function
sourcelyzer/rest/v1/plugins.py:14: [R0912(too-many-branches), Plugins.default] Too many branches (13/12)
sourcelyzer/rest/v1/plugins.py:10: [R0903(too-few-public-methods), Plugins] Too few public methods (1/2)
sourcelyzer/rest/v1/plugins.py:1: [W0611(unused-import), ] Unused RESTResource imported from sourcelyzer.rest.v1.base
sourcelyzer/rest/v1/plugins.py:4: [C0411(wrong-import-order), ] standard import "import os" should be placed before "from sourcelyzer.rest.v1.base import RESTResource"
sourcelyzer/rest/v1/plugins.py:5: [C0411(wrong-import-order), ] standard import "import zipfile" should be placed before "from sourcelyzer.rest.v1.base import RESTResource"
sourcelyzer/rest/v1/plugins.py:6: [C0411(wrong-import-order), ] standard import "import io" should be placed before "from sourcelyzer.rest.v1.base import RESTResource"
sourcelyzer/rest/v1/plugins.py:7: [C0411(wrong-import-order), ] standard import "import glob" should be placed before "from sourcelyzer.rest.v1.base import RESTResource"
sourcelyzer/rest/v1/base.py:58: [C0303(trailing-whitespace), ] Trailing whitespace
sourcelyzer/rest/v1/base.py:61: [C0303(trailing-whitespace), ] Trailing whitespace
sourcelyzer/rest/v1/base.py:73: [C0303(trailing-whitespace), ] Trailing whitespace
sourcelyzer/rest/v1/base.py:82: [C0303(trailing-whitespace), ] Trailing whitespace
sourcelyzer/rest/v1/base.py:116: [C0303(trailing-whitespace), ] Trailing whitespace
sourcelyzer/rest/v1/base.py:120: [C0305(trailing-newlines), ] Trailing newlines
sourcelyzer/rest/v1/base.py:1: [C0111(missing-docstring), ] Missing module docstring
sourcelyzer/rest/v1/base.py:15: [C0111(missing-docstring), RESTResource.default] Missing method docstring
sourcelyzer/rest/v1/base.py:6: [R0903(too-few-public-methods), RESTResource] Too few public methods (1/2)
sourcelyzer/rest/v1/base.py:32: [C0121(singleton-comparison), DBResource.__init__] Comparison to None should be 'expr is None'
sourcelyzer/rest/v1/base.py:36: [C0103(invalid-name), DBResource.handle_GET] Invalid method name "handle_GET"
sourcelyzer/rest/v1/base.py:36: [C0111(missing-docstring), DBResource.handle_GET] Missing method docstring
sourcelyzer/rest/v1/base.py:41: [C0121(singleton-comparison), DBResource.handle_GET] Comparison to None should be 'expr is None'
sourcelyzer/rest/v1/base.py:36: [W0613(unused-argument), DBResource.handle_GET] Unused argument 'vpath'
sourcelyzer/rest/v1/base.py:36: [W0613(unused-argument), DBResource.handle_GET] Unused argument 'params'
sourcelyzer/rest/v1/base.py:63: [C0103(invalid-name), DBResource.handle_PUT] Invalid method name "handle_PUT"
sourcelyzer/rest/v1/base.py:63: [C0111(missing-docstring), DBResource.handle_PUT] Missing method docstring
sourcelyzer/rest/v1/base.py:70: [C0121(singleton-comparison), DBResource.handle_PUT] Comparison to None should be 'expr is None'
sourcelyzer/rest/v1/base.py:74: [C0103(invalid-name), DBResource.handle_PUT] Invalid variable name "c"
sourcelyzer/rest/v1/base.py:63: [W0613(unused-argument), DBResource.handle_PUT] Unused argument 'vpath'
sourcelyzer/rest/v1/base.py:63: [W0613(unused-argument), DBResource.handle_PUT] Unused argument 'params'
sourcelyzer/rest/v1/base.py:92: [C0103(invalid-name), DBResource.handle_POST] Invalid method name "handle_POST"
sourcelyzer/rest/v1/base.py:92: [C0111(missing-docstring), DBResource.handle_POST] Missing method docstring
sourcelyzer/rest/v1/base.py:100: [E1102(not-callable), DBResource.handle_POST] self.resource is not callable
sourcelyzer/rest/v1/base.py:102: [C0103(invalid-name), DBResource.handle_POST] Invalid variable name "c"
sourcelyzer/rest/v1/base.py:92: [W0613(unused-argument), DBResource.handle_POST] Unused argument 'vpath'
sourcelyzer/rest/v1/base.py:92: [W0613(unused-argument), DBResource.handle_POST] Unused argument 'params'
sourcelyzer/rest/v1/base.py:2: [W0611(unused-import), ] Unused simplejson imported as json
sourcelyzer/rest/v1/exceptions.py:1: [C0111(missing-docstring), ] Missing module docstring
sourcelyzer/rest/v1/exceptions.py:1: [C0111(missing-docstring), RestResourceException] Missing class docstring
sourcelyzer/rest/v1/resources/user.py:5: [C0303(trailing-whitespace), ] Trailing whitespace
sourcelyzer/rest/v1/resources/user.py:6: [C0305(trailing-newlines), ] Trailing newlines
sourcelyzer/rest/v1/resources/user.py:1: [C0111(missing-docstring), ] Missing module docstring
sourcelyzer/rest/v1/resources/user.py:4: [C0111(missing-docstring), UserResource] Missing class docstring
sourcelyzer/rest/v1/resources/scm_commit.py:8: [C0303(trailing-whitespace), ] Trailing whitespace
sourcelyzer/rest/v1/resources/scm_commit.py:1: [C0111(missing-docstring), ] Missing module docstring
sourcelyzer/rest/v1/resources/scm_commit.py:6: [C0111(missing-docstring), ScmCommitResource] Missing class docstring
sourcelyzer/rest/v1/resources/scm_commit.py:3: [W0611(unused-import), ] Unused RequireAuthentication imported from sourcelyzer.rest.tools
sourcelyzer/rest/v1/resources/scm_commit.py:4: [W0611(unused-import), ] Unused import cherrypy
sourcelyzer/rest/v1/resources/project.py:20: [C0303(trailing-whitespace), ] Trailing whitespace
sourcelyzer/rest/v1/resources/project.py:25: [C0305(trailing-newlines), ] Trailing newlines
sourcelyzer/rest/v1/resources/project.py:1: [C0111(missing-docstring), ] Missing module docstring
sourcelyzer/rest/v1/resources/project.py:6: [C0111(missing-docstring), ProjectResource] Missing class docstring
sourcelyzer/rest/v1/resources/project.py:11: [R1705(no-else-return), ProjectResource.handle_GET] Unnecessary "else" after "return"
sourcelyzer/rest/v1/resources/project.py:16: [C0103(invalid-name), ProjectResource._get_project_by_key] Invalid argument name "projectKey"
sourcelyzer/rest/v1/commands/authenticate.py:20: [C0301(line-too-long), ] Line too long (104/100)
sourcelyzer/rest/v1/commands/authenticate.py:36: [C0305(trailing-newlines), ] Trailing newlines
sourcelyzer/rest/v1/commands/authenticate.py:1: [C0111(missing-docstring), ] Missing module docstring
sourcelyzer/rest/v1/commands/authenticate.py:8: [C0111(missing-docstring), AuthCommand] Missing class docstring
sourcelyzer/rest/v1/commands/authenticate.py:14: [C0111(missing-docstring), AuthCommand.login] Missing method docstring
sourcelyzer/rest/v1/commands/authenticate.py:27: [C0103(invalid-name), AuthCommand.login] Invalid variable name "e"
sourcelyzer/rest/v1/commands/authenticate.py:27: [W0612(unused-variable), AuthCommand.login] Unused variable 'e'
sourcelyzer/rest/v1/commands/authenticate.py:14: [R0201(no-self-use), AuthCommand.login] Method could be a function
sourcelyzer/rest/v1/commands/authenticate.py:34: [C0111(missing-docstring), AuthCommand.session] Missing method docstring
sourcelyzer/rest/v1/commands/authenticate.py:34: [R0201(no-self-use), AuthCommand.session] Method could be a function
sourcelyzer/rest/v1/commands/authenticate.py:1: [W0611(unused-import), ] Unused RESTResource imported from sourcelyzer.rest.v1
sourcelyzer/rest/v1/commands/authenticate.py:2: [W0611(unused-import), ] Unused User imported from sourcelyzer.dao
sourcelyzer/rest/plugins/__init__.py:1: [C0111(missing-docstring), ] Missing module docstring
sourcelyzer/rest/plugins/sqlalchemy.py:44: [C0305(trailing-newlines), ] Trailing newlines
sourcelyzer/rest/plugins/sqlalchemy.py:1: [C0111(missing-docstring), ] Missing module docstring
sourcelyzer/rest/plugins/sqlalchemy.py:6: [C0111(missing-docstring), SAPlugin] Missing class docstring
sourcelyzer/rest/plugins/sqlalchemy.py:16: [C0111(missing-docstring), SAPlugin.start] Missing method docstring
sourcelyzer/rest/plugins/sqlalchemy.py:23: [C0111(missing-docstring), SAPlugin.stop] Missing method docstring
sourcelyzer/rest/plugins/sqlalchemy.py:31: [C0111(missing-docstring), SAPlugin.bind] Missing method docstring
sourcelyzer/rest/plugins/sqlalchemy.py:35: [C0111(missing-docstring), SAPlugin.commit] Missing method docstring
sourcelyzer/rest/plugins/sqlalchemy.py:38: [W0703(broad-except), SAPlugin.commit] Catching too general exception Exception
sourcelyzer/rest/plugins/sqlalchemy.py:37: [E1101(no-member), SAPlugin.commit] Instance of 'scoped_session' has no 'commit' member
sourcelyzer/rest/plugins/sqlalchemy.py:38: [C0103(invalid-name), SAPlugin.commit] Invalid variable name "e"
sourcelyzer/rest/plugins/sqlalchemy.py:39: [E1101(no-member), SAPlugin.commit] Instance of 'scoped_session' has no 'rollback' member
sourcelyzer/rest/plugins/sqlalchemy.py:38: [W0612(unused-variable), SAPlugin.commit] Unused variable 'e'
sourcelyzer/rest/plugins/sqlalchemy.py:1: [W0611(unused-import), ] Unused import cherrypy
sourcelyzer/rest/plugins/sqlalchemy.py:2: [W0611(unused-import), ] Unused wspbus imported from cherrypy.process
sourcelyzer/rest/plugins/plugin_loader.py:23: [C0305(trailing-newlines), ] Trailing newlines
sourcelyzer/rest/plugins/plugin_loader.py:1: [C0111(missing-docstring), ] Missing module docstring
sourcelyzer/rest/plugins/plugin_loader.py:5: [C0111(missing-docstring), PluginLoaderPlugin] Missing class docstring
sourcelyzer/rest/plugins/plugin_loader.py:11: [C0111(missing-docstring), PluginLoaderPlugin.start] Missing method docstring
sourcelyzer/rest/plugins/plugin_loader.py:17: [C0111(missing-docstring), PluginLoaderPlugin.get_plugins] Missing method docstring
sourcelyzer/rest/plugins/plugin_loader.py:20: [C0111(missing-docstring), PluginLoaderPlugin.refresh_plugins] Missing method docstring
sourcelyzer/rest/plugins/plugin_loader.py:1: [W0611(unused-import), ] Unused import cherrypy
sourcelyzer/rest/plugins/plugin_loader.py:2: [W0611(unused-import), ] Unused wspbus imported from cherrypy.process
sourcelyzer/dao/user.py:1: [C0111(missing-docstring), ] Missing module docstring
sourcelyzer/dao/user.py:5: [C0111(missing-docstring), User] Missing class docstring
sourcelyzer/dao/user.py:8: [C0103(invalid-name), User] Invalid class attribute name "id"
sourcelyzer/dao/user.py:5: [R0903(too-few-public-methods), User] Too few public methods (0/2)
sourcelyzer/dao/user.py:3: [C0411(wrong-import-order), ] standard import "import datetime" should be placed before "from sourcelyzer.dao import Base"
sourcelyzer/dao/__init__.py:1: [C0111(missing-docstring), ] Missing module docstring
sourcelyzer/dao/issue.py:17: [C0305(trailing-newlines), ] Trailing newlines
sourcelyzer/dao/issue.py:1: [C0111(missing-docstring), ] Missing module docstring
sourcelyzer/dao/issue.py:5: [C0111(missing-docstring), Issue] Missing class docstring
sourcelyzer/dao/issue.py:5: [R0903(too-few-public-methods), Issue] Too few public methods (0/2)
sourcelyzer/dao/issue.py:2: [W0611(unused-import), ] Unused Boolean imported from sqlalchemy
sourcelyzer/dao/issue.py:2: [W0611(unused-import), ] Unused DateTime imported from sqlalchemy
sourcelyzer/dao/issue.py:3: [W0611(unused-import), ] Unused import datetime
sourcelyzer/dao/issue.py:3: [C0411(wrong-import-order), ] standard import "import datetime" should be placed before "from sourcelyzer.dao import Base"
sourcelyzer/dao/scm_commit.py:14: [C0305(trailing-newlines), ] Trailing newlines
sourcelyzer/dao/scm_commit.py:1: [C0111(missing-docstring), ] Missing module docstring
sourcelyzer/dao/scm_commit.py:5: [C0111(missing-docstring), ScmCommit] Missing class docstring
sourcelyzer/dao/scm_commit.py:8: [C0103(invalid-name), ScmCommit] Invalid class attribute name "id"
sourcelyzer/dao/scm_commit.py:5: [R0903(too-few-public-methods), ScmCommit] Too few public methods (0/2)
sourcelyzer/dao/scm_commit.py:2: [W0611(unused-import), ] Unused Boolean imported from sqlalchemy
sourcelyzer/dao/scm_commit.py:3: [W0611(unused-import), ] Unused import datetime
sourcelyzer/dao/scm_commit.py:3: [C0411(wrong-import-order), ] standard import "import datetime" should be placed before "from sourcelyzer.dao import Base"
sourcelyzer/dao/base.py:1: [C0111(missing-docstring), ] Missing module docstring
sourcelyzer/dao/base.py:3: [C0103(invalid-name), ] Invalid constant name "Base"
sourcelyzer/dao/base.py:5: [C0111(missing-docstring), BaseResource] Missing class docstring
sourcelyzer/dao/base.py:7: [C0103(invalid-name), BaseResource.toDict] Invalid method name "toDict"
sourcelyzer/dao/base.py:7: [C0111(missing-docstring), BaseResource.toDict] Missing method docstring
sourcelyzer/dao/base.py:9: [C0103(invalid-name), BaseResource.toDict] Invalid variable name "c"
sourcelyzer/dao/base.py:9: [E1101(no-member), BaseResource.toDict] Instance of 'BaseResource' has no '__table__' member
sourcelyzer/dao/base.py:5: [R0903(too-few-public-methods), BaseResource] Too few public methods (1/2)
sourcelyzer/dao/base.py:16: [C0103(invalid-name), ] Invalid constant name "Base"
sourcelyzer/dao/settings.py:10: [C0305(trailing-newlines), ] Trailing newlines
sourcelyzer/dao/settings.py:1: [C0111(missing-docstring), ] Missing module docstring
sourcelyzer/dao/settings.py:4: [C0111(missing-docstring), Settings] Missing class docstring
sourcelyzer/dao/settings.py:4: [R0903(too-few-public-methods), Settings] Too few public methods (0/2)
sourcelyzer/dao/project.py:13: [C0305(trailing-newlines), ] Trailing newlines
sourcelyzer/dao/project.py:1: [C0111(missing-docstring), ] Missing module docstring
sourcelyzer/dao/project.py:5: [C0111(missing-docstring), Project] Missing class docstring
sourcelyzer/dao/project.py:8: [C0103(invalid-name), Project] Invalid class attribute name "id"
sourcelyzer/dao/project.py:5: [R0903(too-few-public-methods), Project] Too few public methods (0/2)
sourcelyzer/dao/project.py:2: [W0611(unused-import), ] Unused Boolean imported from sqlalchemy
sourcelyzer/dao/project.py:3: [W0611(unused-import), ] Unused import datetime
sourcelyzer/dao/project.py:3: [C0411(wrong-import-order), ] standard import "import datetime" should be placed before "from sourcelyzer.dao import Base"
sourcelyzer/dao/session.py:14: [C0305(trailing-newlines), ] Trailing newlines
sourcelyzer/dao/session.py:1: [C0111(missing-docstring), ] Missing module docstring
sourcelyzer/dao/session.py:5: [C0111(missing-docstring), Session] Missing class docstring
sourcelyzer/dao/session.py:5: [R0903(too-few-public-methods), Session] Too few public methods (0/2)
sourcelyzer/dao/session.py:2: [W0611(unused-import), ] Unused Boolean imported from sqlalchemy
sourcelyzer/dao/session.py:2: [W0611(unused-import), ] Unused String imported from sqlalchemy
sourcelyzer/dao/session.py:3: [W0611(unused-import), ] Unused import datetime
sourcelyzer/dao/session.py:3: [C0411(wrong-import-order), ] standard import "import datetime" should be placed before "from sourcelyzer.dao import Base"
sourcelyzer/utils/user.py:1: [C0111(missing-docstring), ] Missing module docstring
sourcelyzer/utils/user.py:20: [C0111(missing-docstring), get_user_by_username] Missing function docstring
sourcelyzer/utils/user.py:26: [C0111(missing-docstring), get_user_by_id] Missing function docstring
sourcelyzer/utils/user.py:32: [C0103(invalid-name), gen_passwd_hash] Invalid argument name "pw"
sourcelyzer/utils/user.py:32: [C0111(missing-docstring), gen_passwd_hash] Missing function docstring
sourcelyzer/utils/user.py:32: [W0621(redefined-outer-name), gen_passwd_hash] Redefining name 'pw' from outer scope (line 43)
sourcelyzer/utils/user.py:33: [C0103(invalid-name), gen_passwd_hash] Invalid variable name "ph"
sourcelyzer/utils/user.py:36: [C0103(invalid-name), verify_passwd] Invalid argument name "pw"
sourcelyzer/utils/user.py:36: [C0103(invalid-name), verify_passwd] Invalid argument name "hs"
sourcelyzer/utils/user.py:36: [C0111(missing-docstring), verify_passwd] Missing function docstring
sourcelyzer/utils/user.py:36: [W0621(redefined-outer-name), verify_passwd] Redefining name 'pw' from outer scope (line 43)
sourcelyzer/utils/user.py:37: [C0103(invalid-name), verify_passwd] Invalid variable name "ph"
sourcelyzer/utils/user.py:43: [C0103(invalid-name), ] Invalid constant name "pw"
sourcelyzer/utils/user.py:45: [C0103(invalid-name), ] Invalid constant name "pwhash"
sourcelyzer/utils/crypto.py:5: [C0301(line-too-long), ] Line too long (132/100)
sourcelyzer/utils/crypto.py:23: [C0301(line-too-long), ] Line too long (119/100)
sourcelyzer/utils/crypto.py:45: [C0326(bad-whitespace), ] Exactly one space required around comparison
if __name__=='__main__':
           ^^
sourcelyzer/utils/crypto.py:1: [C0111(missing-docstring), ] Missing module docstring
sourcelyzer/utils/crypto.py:1: [C0410(multiple-imports), ] Multiple imports on one line (hashlib, os, binascii, sys)
sourcelyzer/utils/crypto.py:4: [C0103(invalid-name), gen_passwd_hash] Invalid argument name "pw"
sourcelyzer/utils/crypto.py:4: [C0111(missing-docstring), gen_passwd_hash] Missing function docstring
sourcelyzer/utils/crypto.py:5: [C0103(invalid-name), gen_passwd_hash] Invalid variable name "ph"
sourcelyzer/utils/crypto.py:5: [E0602(undefined-variable), gen_passwd_hash] Undefined variable 'hash_length'
sourcelyzer/utils/crypto.py:5: [E0602(undefined-variable), gen_passwd_hash] Undefined variable 'salt_length'
sourcelyzer/utils/crypto.py:5: [E0602(undefined-variable), gen_passwd_hash] Undefined variable 'encoding'
sourcelyzer/utils/crypto.py:5: [E0602(undefined-variable), gen_passwd_hash] Undefined variable 'time_cost'
sourcelyzer/utils/crypto.py:5: [E0602(undefined-variable), gen_passwd_hash] Undefined variable 'memory_cost'
sourcelyzer/utils/crypto.py:6: [W0612(unused-variable), gen_passwd_hash] Unused variable 'pwhash'
sourcelyzer/utils/crypto.py:8: [C0103(invalid-name), verify_hash] Invalid argument name "pw"
sourcelyzer/utils/crypto.py:8: [C0103(invalid-name), verify_hash] Invalid argument name "hs"
sourcelyzer/utils/crypto.py:8: [C0111(missing-docstring), verify_hash] Missing function docstring
sourcelyzer/utils/crypto.py:9: [C0103(invalid-name), verify_hash] Invalid variable name "ph"
sourcelyzer/utils/crypto.py:10: [E1120(no-value-for-parameter), verify_hash] No value for argument 'password' in method call
sourcelyzer/utils/crypto.py:8: [W0613(unused-argument), verify_hash] Unused argument 'pw'
sourcelyzer/utils/crypto.py:13: [C0103(invalid-name), _console_test] Invalid variable name "pw"
sourcelyzer/utils/crypto.py:23: [C0103(invalid-name), _console_test] Invalid variable name "ph"
sourcelyzer/utils/crypto.py:32: [E0602(undefined-variable), _console_test] Undefined variable 'parse_argon_hash'
sourcelyzer/utils/crypto.py:43: [W0105(pointless-string-statement), _console_test] String statement has no effect
sourcelyzer/utils/crypto.py:1: [W0611(unused-import), ] Unused import binascii
sourcelyzer/utils/crypto.py:1: [W0611(unused-import), ] Unused import os
sourcelyzer/utils/crypto.py:1: [W0611(unused-import), ] Unused import hashlib
sourcelyzer/cli/__init__.py:10: [C0305(trailing-newlines), ] Trailing newlines
sourcelyzer/cli/__init__.py:1: [C0111(missing-docstring), ] Missing module docstring
sourcelyzer/cli/__init__.py:1: [C0410(multiple-imports), ] Multiple imports on one line (sys, os)
sourcelyzer/cli/utils.py:27: [C0303(trailing-whitespace), ] Trailing whitespace
sourcelyzer/cli/utils.py:33: [C0326(bad-whitespace), ] Exactly one space required after comma
    valids = ['Y','y','n','N']
                 ^
sourcelyzer/cli/utils.py:33: [C0326(bad-whitespace), ] Exactly one space required after comma
    valids = ['Y','y','n','N']
                     ^
sourcelyzer/cli/utils.py:33: [C0326(bad-whitespace), ] Exactly one space required after comma
    valids = ['Y','y','n','N']
                         ^
sourcelyzer/cli/utils.py:50: [C0303(trailing-whitespace), ] Trailing whitespace
sourcelyzer/cli/utils.py:52: [C0305(trailing-newlines), ] Trailing newlines
sourcelyzer/cli/utils.py:1: [C0111(missing-docstring), ] Missing module docstring
sourcelyzer/cli/utils.py:1: [C0410(multiple-imports), ] Multiple imports on one line (sys, os)
sourcelyzer/cli/utils.py:3: [C0111(missing-docstring), out] Missing function docstring
sourcelyzer/cli/utils.py:7: [C0111(missing-docstring), outnl] Missing function docstring
sourcelyzer/cli/utils.py:10: [C0111(missing-docstring), ask_generic] Missing function docstring
sourcelyzer/cli/utils.py:22: [C0121(singleton-comparison), ask_generic] Comparison to None should be 'expr is None'
sourcelyzer/cli/utils.py:31: [C0111(missing-docstring), ask_yesno] Missing function docstring
sourcelyzer/cli/utils.py:35: [C0103(invalid-name), ask_yesno] Invalid variable name "yn"
sourcelyzer/cli/utils.py:35: [C0121(singleton-comparison), ask_yesno] Comparison to True should be just 'expr' or 'expr is True'
sourcelyzer/cli/utils.py:44: [C0121(singleton-comparison), ask_yesno] Comparison to True should be just 'expr' or 'expr is True'
sourcelyzer/cli/apps/install.py:85: [C0301(line-too-long), ] Line too long (127/100)
sourcelyzer/cli/apps/install.py:98: [C0305(trailing-newlines), ] Trailing newlines
sourcelyzer/cli/apps/install.py:1: [C0111(missing-docstring), ] Missing module docstring
sourcelyzer/cli/apps/install.py:9: [C0410(multiple-imports), ] Multiple imports on one line (os, sys)
sourcelyzer/cli/apps/install.py:11: [C0111(missing-docstring), install] Missing function docstring
sourcelyzer/cli/apps/install.py:51: [W0621(redefined-outer-name), install] Redefining name 'install' from outer scope (line 11)
sourcelyzer/cli/apps/install.py:11: [R0914(too-many-locals), install] Too many local variables (20/15)
sourcelyzer/cli/apps/install.py:29: [C0121(singleton-comparison), install] Comparison to False should be 'not expr' or 'expr is False'
sourcelyzer/cli/apps/install.py:47: [C0121(singleton-comparison), install] Comparison to False should be 'not expr' or 'expr is False'
sourcelyzer/cli/apps/install.py:63: [C0121(singleton-comparison), install] Comparison to True should be just 'expr' or 'expr is True'
sourcelyzer/cli/apps/install.py:65: [C0121(singleton-comparison), install] Comparison to True should be just 'expr' or 'expr is True'
sourcelyzer/cli/apps/install.py:68: [C0121(singleton-comparison), install] Comparison to False should be 'not expr' or 'expr is False'
sourcelyzer/cli/apps/install.py:82: [C0103(invalid-name), install] Invalid variable name "Session"
sourcelyzer/cli/apps/install.py:11: [W0613(unused-argument), install] Unused argument 'arguments'
sourcelyzer/cli/apps/install.py:11: [R0915(too-many-statements), install] Too many statements (55/50)
sourcelyzer/cli/apps/install.py:9: [W0611(unused-import), ] Unused import sys
sourcelyzer/cli/apps/install.py:9: [C0411(wrong-import-order), ] standard import "import os, sys" should be placed before "from sourcelyzer.properties import load_from_file"
sourcelyzer/cli/apps/install.py:9: [C0411(wrong-import-order), ] standard import "import os, sys" should be placed before "from sourcelyzer.properties import load_from_file"
sourcelyzer/cli/apps/server.py:45: [C0305(trailing-newlines), ] Trailing newlines
sourcelyzer/cli/apps/server.py:1: [C0111(missing-docstring), ] Missing module docstring
sourcelyzer/cli/apps/server.py:6: [C0111(missing-docstring), init_server] Missing function docstring
sourcelyzer/cli/apps/server.py:12: [E0602(undefined-variable), init_server] Undefined variable 'Root'
sourcelyzer/cli/apps/server.py:14: [C0111(missing-docstring), start] Missing function docstring
sourcelyzer/cli/apps/server.py:14: [W0613(unused-argument), start] Unused argument 'arguments'
sourcelyzer/cli/apps/server.py:14: [W0613(unused-argument), start] Unused argument 'properties'
sourcelyzer/cli/apps/server.py:17: [C0111(missing-docstring), stop] Missing function docstring
sourcelyzer/cli/apps/server.py:17: [W0613(unused-argument), stop] Unused argument 'arguments'
sourcelyzer/cli/apps/server.py:17: [W0613(unused-argument), stop] Unused argument 'properties'
sourcelyzer/cli/apps/server.py:20: [C0111(missing-docstring), restart] Missing function docstring
sourcelyzer/cli/apps/server.py:21: [E1120(no-value-for-parameter), restart] No value for argument 'arguments' in function call
sourcelyzer/cli/apps/server.py:21: [E1120(no-value-for-parameter), restart] No value for argument 'properties' in function call
sourcelyzer/cli/apps/server.py:22: [E1120(no-value-for-parameter), restart] No value for argument 'arguments' in function call
sourcelyzer/cli/apps/server.py:22: [E1120(no-value-for-parameter), restart] No value for argument 'properties' in function call
sourcelyzer/cli/apps/server.py:20: [W0613(unused-argument), restart] Unused argument 'arguments'
sourcelyzer/cli/apps/server.py:20: [W0613(unused-argument), restart] Unused argument 'properties'
sourcelyzer/cli/apps/server.py:24: [C0111(missing-docstring), start_console] Missing function docstring
sourcelyzer/cli/apps/server.py:24: [W0613(unused-argument), start_console] Unused argument 'arguments'
sourcelyzer/cli/apps/server.py:29: [C0111(missing-docstring), server] Missing function docstring
sourcelyzer/cli/apps/runner.py:21: [C0326(bad-whitespace), ] No space allowed around keyword argument assignment
        }, headers = {
                   ^
sourcelyzer/cli/apps/runner.py:54: [C0303(trailing-whitespace), ] Trailing whitespace
sourcelyzer/cli/apps/runner.py:59: [C0301(line-too-long), ] Line too long (134/100)
sourcelyzer/cli/apps/runner.py:70: [C0303(trailing-whitespace), ] Trailing whitespace
sourcelyzer/cli/apps/runner.py:74: [C0301(line-too-long), ] Line too long (108/100)
sourcelyzer/cli/apps/runner.py:77: [C0303(trailing-whitespace), ] Trailing whitespace
sourcelyzer/cli/apps/runner.py:80: [C0305(trailing-newlines), ] Trailing newlines
sourcelyzer/cli/apps/runner.py:1: [C0111(missing-docstring), ] Missing module docstring
sourcelyzer/cli/apps/runner.py:15: [C0103(invalid-name), Runner.__init__] Invalid attribute name "cookieJar"
sourcelyzer/cli/apps/runner.py:8: [C0103(invalid-name), Runner.__init__] Invalid attribute name "baseUrl"
sourcelyzer/cli/apps/runner.py:10: [C0103(invalid-name), Runner.__init__] Invalid attribute name "rootUrl"
sourcelyzer/cli/apps/runner.py:12: [C0103(invalid-name), Runner.__init__] Invalid attribute name "sessionId"
sourcelyzer/cli/apps/runner.py:5: [C0111(missing-docstring), Runner] Missing class docstring
sourcelyzer/cli/apps/runner.py:15: [E0110(abstract-class-instantiated), Runner.__init__] Abstract class 'RequestsCookieJar' with abstract methods instantiated
sourcelyzer/cli/apps/runner.py:17: [C0111(missing-docstring), Runner.request] Missing method docstring
sourcelyzer/cli/apps/runner.py:19: [C0103(invalid-name), Runner.request] Invalid variable name "r"
sourcelyzer/cli/apps/runner.py:29: [C0103(invalid-name), Runner.login] Invalid argument name "pw"
sourcelyzer/cli/apps/runner.py:29: [C0111(missing-docstring), Runner.login] Missing method docstring
sourcelyzer/cli/apps/runner.py:33: [C0103(invalid-name), Runner.login] Invalid variable name "r"
sourcelyzer/cli/apps/runner.py:41: [C0103(invalid-name), Runner.findProjectByKey] Invalid method name "findProjectByKey"
sourcelyzer/cli/apps/runner.py:41: [C0103(invalid-name), Runner.findProjectByKey] Invalid argument name "projectKey"
sourcelyzer/cli/apps/runner.py:41: [C0111(missing-docstring), Runner.findProjectByKey] Missing method docstring
sourcelyzer/cli/apps/runner.py:43: [C0103(invalid-name), Runner.findProjectByKey] Invalid variable name "r"
sourcelyzer/cli/apps/runner.py:46: [C0103(invalid-name), Runner.createProject] Invalid method name "createProject"
sourcelyzer/cli/apps/runner.py:46: [C0103(invalid-name), Runner.createProject] Invalid argument name "projectName"
sourcelyzer/cli/apps/runner.py:46: [C0103(invalid-name), Runner.createProject] Invalid argument name "projectKey"
sourcelyzer/cli/apps/runner.py:46: [C0111(missing-docstring), Runner.createProject] Missing method docstring
sourcelyzer/cli/apps/runner.py:54: [C0103(invalid-name), Runner.createProject] Invalid variable name "r"
sourcelyzer/cli/apps/runner.py:57: [C0111(missing-docstring), runner] Missing function docstring
sourcelyzer/cli/apps/runner.py:72: [C0103(invalid-name), runner] Invalid variable name "e"
sourcelyzer/cli/apps/runner.py:1: [W0611(unused-import), ] Unused outnl imported from sourcelyzer.cli
sourcelyzer/plugins/base.py:5: [C0305(trailing-newlines), ] Trailing newlines
sourcelyzer/plugins/base.py:1: [C0111(missing-docstring), ] Missing module docstring
sourcelyzer/plugins/base.py:1: [C0111(missing-docstring), Plugin] Missing class docstring
sourcelyzer/plugins/base.py:1: [R0903(too-few-public-methods), Plugin] Too few public methods (0/2)
sourcelyzer/plugins/loader.py:15: [C0301(line-too-long), ] Line too long (113/100)
sourcelyzer/plugins/loader.py:19: [C0303(trailing-whitespace), ] Trailing whitespace
sourcelyzer/plugins/loader.py:32: [C0305(trailing-newlines), ] Trailing newlines
sourcelyzer/plugins/loader.py:1: [C0111(missing-docstring), ] Missing module docstring
sourcelyzer/plugins/loader.py:4: [C0111(missing-docstring), load_plugins] Missing function docstring
sourcelyzer/plugins/loader.py:18: [W0612(unused-variable), load_plugins] Unused variable 'plugin_dir'
sourcelyzer/plugins/loader.py:27: [C0111(missing-docstring), load_plugin] Missing function docstring
sourcelyzer/plugins/loader.py:28: [C0103(invalid-name), load_plugin] Invalid variable name "fp"
sourcelyzer/plugins/linting/base.py:1: [C0326(bad-whitespace), ] Exactly one space required around assignment
SEVERITY_TRIVIAL=0
                ^
sourcelyzer/plugins/linting/base.py:2: [C0326(bad-whitespace), ] Exactly one space required around assignment
SEVERITY_MINOR=1
              ^
sourcelyzer/plugins/linting/base.py:3: [C0326(bad-whitespace), ] Exactly one space required around assignment
SEVERITY_MAJOR=2
              ^
sourcelyzer/plugins/linting/base.py:4: [C0326(bad-whitespace), ] Exactly one space required around assignment
SEVERITY_CRITICAL=3
                 ^
sourcelyzer/plugins/linting/base.py:5: [C0326(bad-whitespace), ] Exactly one space required around assignment
SEVERITY_BLOCKER=4
                ^
sourcelyzer/plugins/linting/base.py:40: [C0303(trailing-whitespace), ] Trailing whitespace
sourcelyzer/plugins/linting/base.py:45: [C0303(trailing-whitespace), ] Trailing whitespace
sourcelyzer/plugins/linting/base.py:59: [C0326(bad-whitespace), ] Exactly one space required after comma
        for (key,default) in prop_defaults.iteritems():
                ^
sourcelyzer/plugins/linting/base.py:60: [C0326(bad-whitespace), ] Exactly one space required after comma
            setattr(self, key, kwargs.get(key,default))
                                             ^
sourcelyzer/plugins/linting/base.py:61: [C0303(trailing-whitespace), ] Trailing whitespace
sourcelyzer/plugins/linting/base.py:62: [C0305(trailing-newlines), ] Trailing newlines
sourcelyzer/plugins/linting/base.py:1: [C0111(missing-docstring), ] Missing module docstring
sourcelyzer/plugins/linting/base.py:7: [C0111(missing-docstring), SettingType] Missing class docstring
sourcelyzer/plugins/linting/base.py:12: [C0111(missing-docstring), SettingType.get_key] Missing method docstring
sourcelyzer/plugins/linting/base.py:15: [C0111(missing-docstring), SettingType.get_value] Missing method docstring
sourcelyzer/plugins/linting/base.py:19: [C0111(missing-docstring), BooleanSetting] Missing class docstring
sourcelyzer/plugins/linting/base.py:20: [W0231(super-init-not-called), BooleanSetting.__init__] __init__ method from base class 'SettingType' is not called
sourcelyzer/plugins/linting/base.py:25: [C0111(missing-docstring), TextSetting] Missing class docstring
sourcelyzer/plugins/linting/base.py:26: [W0231(super-init-not-called), TextSetting.__init__] __init__ method from base class 'SettingType' is not called
sourcelyzer/plugins/linting/base.py:30: [C0111(missing-docstring), NumericSetting] Missing class docstring
sourcelyzer/plugins/linting/base.py:39: [C0103(invalid-name), BaseParser.__init__] Invalid attribute name "fn"
sourcelyzer/plugins/linting/base.py:36: [C0111(missing-docstring), BaseParser] Missing class docstring
sourcelyzer/plugins/linting/base.py:42: [C0111(missing-docstring), BaseParser.parse] Missing method docstring
sourcelyzer/plugins/linting/base.py:36: [R0903(too-few-public-methods), BaseParser] Too few public methods (1/2)
sourcelyzer/plugins/linting/base.py:46: [C0111(missing-docstring), BaseMessage] Missing class docstring
sourcelyzer/plugins/linting/base.py:59: [E1101(no-member), BaseMessage.__init__] Instance of 'dict' has no 'iteritems' member
sourcelyzer/plugins/linting/base.py:46: [R0903(too-few-public-methods), BaseMessage] Too few public methods (0/2)
sourcelyzer/plugins/linting/pylint.py:7: [C0305(trailing-newlines), ] Trailing newlines
sourcelyzer/plugins/linting/pylint.py:1: [C0111(missing-docstring), ] Missing module docstring
sourcelyzer/plugins/linting/pylint.py:1: [E0401(import-error), ] Unable to import 'coderadar.plugins.linting.base'
sourcelyzer/plugins/linting/pylint.py:1: [W0401(wildcard-import), ] Wildcard import coderadar.plugins.linting.base
sourcelyzer/plugins/linting/pylint.py:3: [C0111(missing-docstring), PylintParser] Missing class docstring
sourcelyzer/plugins/linting/pylint.py:3: [E0602(undefined-variable), PylintParser] Undefined variable 'BaseParser'
sourcelyzer/plugins/linting/pylint.py:4: [C0111(missing-docstring), PylintParser.parse] Missing method docstring
sourcelyzer/plugins/linting/pylint.py:4: [R0201(no-self-use), PylintParser.parse] Method could be a function
sourcelyzer/plugins/linting/pylint.py:3: [R0903(too-few-public-methods), PylintParser] Too few public methods (1/2)
sourcelyzer/plugins/linting/pylint.py:1: [R0801(duplicate-code), ] Similar lines in 2 files
==sourcelyzer.crypto:22
==sourcelyzer.rest.utils.auth:7
def gen_auth_token(username, password, userid, session_id, encoding='utf-8'):
    salt = os.urandom(128)

    if isinstance(session_id, str):
        session_id = session_id.encode(encoding)
    elif isinstance(session_id, int):
        session_id = bytes([session_id])
    else:
        session_id = str(session_id).encode(encoding)

    token = hashlib.sha256()
    token.update(username.encode(encoding))
    token.update(password.encode(encoding))
    token.update(bytes([userid]))
    token.update(session_id)
    token.update(salt)

sourcelyzer/plugins/linting/pylint.py:1: [R0801(duplicate-code), ] Similar lines in 2 files
==sourcelyzer.crypto:48
==sourcelyzer.rest.utils.auth:10
    if isinstance(session_id, str):
        session_id = session_id.encode(encoding)
    elif isinstance(session_id, int):
        session_id = bytes([session_id])
    else:
        session_id = str(session_id).encode(encoding)

